# JRE version: OpenJDK Runtime Environment (21.0.1+12) (build 21.0.1+12-29)
# Java VM: OpenJDK 64-Bit Server VM (21.0.1+12-29, mixed mode, sharing, tiered, compressed oops, compressed class ptrs, g1 gc, windows-amd64)
GC Precious Log:
 CardTable entry size: 512
 Card Set container configuration: InlinePtr #cards 4 size 8 Array Of Cards #cards 16 size 48 Howl #buckets 8 coarsen threshold 3686 Howl Bitmap #cards 512 size 80 coarsen threshold 460 Card regions per heap region 1 cards per card region 4096
 CPUs: 8 total, 8 available
 Memory: 16064M
 Large Page Support: Disabled
 NUMA Support: Disabled
 Compressed Oops: Enabled (Zero based)
 Heap Region Size: 2M
 Heap Min Capacity: 8M
 Heap Initial Capacity: 252M
 Heap Max Capacity: 4018M
 Pre-touch: Disabled
 Parallel Workers: 8
 Concurrent Workers: 2
 Concurrent Refinement Workers: 8
 Periodic GC: Disabled
Heap:
 garbage-first heap   total 59392K, used 34015K [0x0000000704e00000, 0x0000000800000000)
  region size 2048K, 5 young (10240K), 1 survivors (2048K)
 Metaspace       used 55182K, committed 56000K, reserved 1114112K
  class space    used 6753K, committed 7104K, reserved 1048576K
GC Heap History (20 events):
Event: 162.224 GC heap after
{Heap after GC invocations=13 (full 1):
 garbage-first heap   total 55296K, used 23244K [0x0000000704e00000, 0x0000000800000000)
  region size 2048K, 2 young (4096K), 2 survivors (4096K)
 Metaspace       used 53600K, committed 54336K, reserved 1114112K
  class space    used 6711K, committed 7040K, reserved 1048576K
}
Event: 194.511 GC heap before
{Heap before GC invocations=13 (full 1):
 garbage-first heap   total 55296K, used 41676K [0x0000000704e00000, 0x0000000800000000)
  region size 2048K, 12 young (24576K), 2 survivors (4096K)
 Metaspace       used 53906K, committed 54656K, reserved 1114112K
  class space    used 6717K, committed 7040K, reserved 1048576K
}
Event: 194.623 GC heap after
{Heap after GC invocations=14 (full 2):
 garbage-first heap   total 55296K, used 22923K [0x0000000704e00000, 0x0000000800000000)
  region size 2048K, 0 young (0K), 0 survivors (0K)
 Metaspace       used 53906K, committed 54656K, reserved 1114112K
  class space    used 6717K, committed 7040K, reserved 1048576K
}
Event: 196.075 GC heap before
{Heap before GC invocations=14 (full 2):
 garbage-first heap   total 55296K, used 43403K [0x0000000704e00000, 0x0000000800000000)
  region size 2048K, 11 young (22528K), 0 survivors (0K)
 Metaspace       used 54169K, committed 54912K, reserved 1114112K
  class space    used 6727K, committed 7040K, reserved 1048576K
}
Event: 196.079 GC heap after
{Heap after GC invocations=15 (full 2):
 garbage-first heap   total 55296K, used 25393K [0x0000000704e00000, 0x0000000800000000)
  region size 2048K, 2 young (4096K), 2 survivors (4096K)
 Metaspace       used 54169K, committed 54912K, reserved 1114112K
  class space    used 6727K, committed 7040K, reserved 1048576K
}
Event: 196.937 GC heap before
{Heap before GC invocations=15 (full 2):
 garbage-first heap   total 55296K, used 43825K [0x0000000704e00000, 0x0000000800000000)
  region size 2048K, 11 young (22528K), 2 survivors (4096K)
 Metaspace       used 54374K, committed 55104K, reserved 1114112K
  class space    used 6731K, committed 7040K, reserved 1048576K
}
Event: 196.942 GC heap after
{Heap after GC invocations=16 (full 2):
 garbage-first heap   total 55296K, used 27230K [0x0000000704e00000, 0x0000000800000000)
  region size 2048K, 1 young (2048K), 1 survivors (2048K)
 Metaspace       used 54374K, committed 55104K, reserved 1114112K
  class space    used 6731K, committed 7040K, reserved 1048576K
}
Event: 249.305 GC heap before
{Heap before GC invocations=16 (full 2):
 garbage-first heap   total 55296K, used 31326K [0x0000000704e00000, 0x0000000800000000)
  region size 2048K, 4 young (8192K), 1 survivors (2048K)
 Metaspace       used 54469K, committed 55232K, reserved 1114112K
  class space    used 6733K, committed 7040K, reserved 1048576K
}
Event: 249.428 GC heap after
{Heap after GC invocations=17 (full 3):
 garbage-first heap   total 55296K, used 23082K [0x0000000704e00000, 0x0000000800000000)
  region size 2048K, 0 young (0K), 0 survivors (0K)
 Metaspace       used 54467K, committed 55232K, reserved 1114112K
  class space    used 6732K, committed 7040K, reserved 1048576K
}
Event: 250.870 GC heap before
{Heap before GC invocations=17 (full 3):
 garbage-first heap   total 55296K, used 43562K [0x0000000704e00000, 0x0000000800000000)
  region size 2048K, 11 young (22528K), 0 survivors (0K)
 Metaspace       used 54690K, committed 55424K, reserved 1114112K
  class space    used 6739K, committed 7040K, reserved 1048576K
}
Event: 250.875 GC heap after
{Heap after GC invocations=18 (full 3):
 garbage-first heap   total 55296K, used 25607K [0x0000000704e00000, 0x0000000800000000)
  region size 2048K, 2 young (4096K), 2 survivors (4096K)
 Metaspace       used 54690K, committed 55424K, reserved 1114112K
  class space    used 6739K, committed 7040K, reserved 1048576K
}
Event: 252.085 GC heap before
{Heap before GC invocations=18 (full 3):
 garbage-first heap   total 55296K, used 44039K [0x0000000704e00000, 0x0000000800000000)
  region size 2048K, 11 young (22528K), 2 survivors (4096K)
 Metaspace       used 54842K, committed 55680K, reserved 1114112K
  class space    used 6741K, committed 7104K, reserved 1048576K
}
Event: 252.092 GC heap after
{Heap after GC invocations=19 (full 3):
 garbage-first heap   total 55296K, used 27425K [0x0000000704e00000, 0x0000000800000000)
  region size 2048K, 2 young (4096K), 2 survivors (4096K)
 Metaspace       used 54842K, committed 55680K, reserved 1114112K
  class space    used 6741K, committed 7104K, reserved 1048576K
}
Event: 283.435 GC heap before
{Heap before GC invocations=19 (full 3):
 garbage-first heap   total 55296K, used 29473K [0x0000000704e00000, 0x0000000800000000)
  region size 2048K, 4 young (8192K), 2 survivors (4096K)
 Metaspace       used 54928K, committed 55744K, reserved 1114112K
  class space    used 6743K, committed 7104K, reserved 1048576K
}
Event: 283.557 GC heap after
{Heap after GC invocations=20 (full 4):
 garbage-first heap   total 55296K, used 23360K [0x0000000704e00000, 0x0000000800000000)
  region size 2048K, 0 young (0K), 0 survivors (0K)
 Metaspace       used 54925K, committed 55744K, reserved 1114112K
  class space    used 6742K, committed 7104K, reserved 1048576K
}
Event: 284.997 GC heap before
{Heap before GC invocations=20 (full 4):
 garbage-first heap   total 55296K, used 43840K [0x0000000704e00000, 0x0000000800000000)
  region size 2048K, 10 young (20480K), 0 survivors (0K)
 Metaspace       used 55041K, committed 55808K, reserved 1114112K
  class space    used 6749K, committed 7104K, reserved 1048576K
}
Event: 285.003 GC heap after
{Heap after GC invocations=21 (full 4):
 garbage-first heap   total 55296K, used 25747K [0x0000000704e00000, 0x0000000800000000)
  region size 2048K, 2 young (4096K), 2 survivors (4096K)
 Metaspace       used 55041K, committed 55808K, reserved 1114112K
  class space    used 6749K, committed 7104K, reserved 1048576K
}
Event: 285.677 GC heap before
{Heap before GC invocations=22 (full 4):
 garbage-first heap   total 59392K, used 42131K [0x0000000704e00000, 0x0000000800000000)
  region size 2048K, 10 young (20480K), 2 survivors (4096K)
 Metaspace       used 55134K, committed 55936K, reserved 1114112K
  class space    used 6751K, committed 7104K, reserved 1048576K
}
Event: 285.685 GC heap after
{Heap after GC invocations=23 (full 4):
 garbage-first heap   total 59392K, used 27398K [0x0000000704e00000, 0x0000000800000000)
  region size 2048K, 1 young (2048K), 1 survivors (2048K)
 Metaspace       used 55134K, committed 55936K, reserved 1114112K
  class space    used 6751K, committed 7104K, reserved 1048576K
}
Event: 317.246 GC heap before
{Heap before GC invocations=23 (full 4):
 garbage-first heap   total 59392K, used 33542K [0x0000000704e00000, 0x0000000800000000)
  region size 2048K, 5 young (10240K), 1 survivors (2048K)
 Metaspace       used 55182K, committed 56000K, reserved 1114112K
  class space    used 6753K, committed 7104K, reserved 1048576K
}

