<?xml version="1.0" encoding="UTF-8"?>
<testsuite xmlns:xsi="http://www.w3.org/2001/XMLSchema-instance" xsi:noNamespaceSchemaLocation="https://maven.apache.org/surefire/maven-surefire-plugin/xsd/surefire-test-report-3.0.xsd" version="3.0" name="com.oms.SendMessageToKafkaTest" time="1.092" tests="2" errors="0" skipped="0" failures="0">
  <properties>
[...]
</properties>
  <testcase name="shouldSendMessageToTopicSuccessfully" classname="com.oms.SendMessageToKafkaTest" time="0.211">
    <system-out><![CDATA[2024-05-10T10:47:04.968+05:30  INFO 3096 --- [           main] o.s.b.d.r.RestartApplicationListener     : Restart disabled due to context in which it is running

  .   ____          _            __ _ _
 /\\ / ___'_ __ _ _(_)_ __  __ _ \ \ \ \
( ( )\___ | '_ | '_| | '_ \/ _` | \ \ \ \
 \\/  ___)| |_)| | | | | || (_| |  ) ) ) )
  '  |____| .__|_| |_|_| |_\__, | / / / /
 =========|_|==============|___/=/_/_/_/
 :: Spring Boot ::                (v3.1.5)

2024-05-10T10:47:05.131+05:30  INFO 3096 --- [           main] com.oms.SendMessageToKafkaTest           : Starting SendMessageToKafkaTest using Java 21.0.3 with PID 3096 (started by Faith in E:\OMS\Kafka)
2024-05-10T10:47:05.132+05:30  INFO 3096 --- [           main] com.oms.SendMessageToKafkaTest           : No active profile set, falling back to 1 default profile: "default"
2024-05-10T10:47:05.202+05:30  INFO 3096 --- [           main] com.oms.SendMessageToKafkaTest           : Started SendMessageToKafkaTest in 0.243 seconds (process running for 14.744)
2024-05-10T10:47:05.733+05:30  INFO 3096 --- [er-event-thread] kafka.controller.KafkaController         : [Controller id=0] Processing automatic preferred replica leader election
]]></system-out>
  </testcase>
  <testcase name="shouldHandleExceptionWhenSendingMessage" classname="com.oms.SendMessageToKafkaTest" time="0.019"/>
</testsuite>