<?xml version="1.0" encoding="UTF-8"?>
<testsuite xmlns:xsi="http://www.w3.org/2001/XMLSchema-instance" xsi:noNamespaceSchemaLocation="https://maven.apache.org/surefire/maven-surefire-plugin/xsd/surefire-test-report-3.0.xsd" version="3.0" name="com.jp.oms.controller.RequestHandlerControllerTest" time="3.779" tests="4" errors="0" skipped="0" failures="0">
  <properties>
[...]
</properties>
  <testcase name="bulkRequestWithException" classname="com.jp.oms.controller.RequestHandlerControllerTest" time="0.191">
    <system-out><![CDATA[10:44:56.698 [main] INFO org.springframework.test.context.support.AnnotationConfigContextLoaderUtils -- Could not detect default configuration classes for test class [com.jp.oms.controller.RequestHandlerControllerTest]: RequestHandlerControllerTest does not declare any static, non-private, non-final, nested classes annotated with @Configuration.
10:44:56.909 [main] INFO org.springframework.boot.test.context.SpringBootTestContextBootstrapper -- Found @SpringBootConfiguration com.jp.oms.RequestHandlerApplication for test class com.jp.oms.controller.RequestHandlerControllerTest

  .   ____          _            __ _ _
 /\\ / ___'_ __ _ _(_)_ __  __ _ \ \ \ \
( ( )\___ | '_ | '_| | '_ \/ _` | \ \ \ \
 \\/  ___)| |_)| | | | | || (_| |  ) ) ) )
  '  |____| .__|_| |_|_| |_\__, | / / / /
 =========|_|==============|___/=/_/_/_/
 :: Spring Boot ::                (v3.1.2)

2023-12-20T10:44:57.322+05:30  INFO 16572 --- [           main] c.j.o.c.RequestHandlerControllerTest     : Starting RequestHandlerControllerTest using Java 17.0.9 with PID 16572 (started by harshit.harit in D:\harshit.harit\OneDrive - Infosys Limited\Desktop\OutputManagementService-main\RequestHandler)
2023-12-20T10:44:57.323+05:30  INFO 16572 --- [           main] c.j.o.c.RequestHandlerControllerTest     : No active profile set, falling back to 1 default profile: "default"
2023-12-20T10:44:59.500+05:30  INFO 16572 --- [           main] o.s.b.t.m.w.SpringBootMockServletContext : Initializing Spring TestDispatcherServlet ''
2023-12-20T10:44:59.500+05:30  INFO 16572 --- [           main] o.s.t.web.servlet.TestDispatcherServlet  : Initializing Servlet ''
2023-12-20T10:44:59.504+05:30  INFO 16572 --- [           main] o.s.t.web.servlet.TestDispatcherServlet  : Completed initialization in 2 ms
2023-12-20T10:44:59.530+05:30  INFO 16572 --- [           main] c.j.o.c.RequestHandlerControllerTest     : Started RequestHandlerControllerTest in 2.545 seconds (process running for 3.996)
]]></system-out>
  </testcase>
  <testcase name="onlineRequestException" classname="com.jp.oms.controller.RequestHandlerControllerTest" time="0.571"/>
  <testcase name="onlineRequest" classname="com.jp.oms.controller.RequestHandlerControllerTest" time="0.022"/>
  <testcase name="bulkRequest" classname="com.jp.oms.controller.RequestHandlerControllerTest" time="0.009"/>
</testsuite>